<?xml version="1.0" encoding="UTF-8"?>
<!-- Generated by org.testng.reporters.JUnitReportReporter -->
<testsuite hostname="User-PC" name="com.aes.service.accounts.integration.CardFraudulentServiceTest" tests="1" failures="0" timestamp="5 Jun 2014 04:53:28 GMT" time="4.556" errors="0">
  <testcase name="basicTest" time="4.556" classname="com.aes.service.accounts.integration.CardFraudulentServiceTest"/>
</testsuite> <!-- com.aes.service.accounts.integration.CardFraudulentServiceTest -->
