<?xml version="1.0" encoding="UTF-8"?>
<!-- Generated by org.testng.reporters.JUnitReportReporter -->
<testsuite hostname="OFP079672" name="com.aes.service.accounts.integration.CardFraudulentServiceTest" tests="1" failures="0" timestamp="5 Jun 2014 15:04:30 GMT" time="12.335" errors="0">
  <testcase name="basicTest" time="12.335" classname="com.aes.service.accounts.integration.CardFraudulentServiceTest"/>
</testsuite> <!-- com.aes.service.accounts.integration.CardFraudulentServiceTest -->
