<?xml version="1.0" encoding="UTF-8"?>
<!-- Generated by org.testng.reporters.JUnitReportReporter -->
<testsuite hostname="OFP079672" name="com.example.tutorial.ws.integration.CardFraudulentServiceTest" tests="1" failures="0" timestamp="4 Jun 2014 21:59:53 GMT" time="11.130" errors="0">
  <testcase name="basicTest" time="11.130" classname="com.example.tutorial.ws.integration.CardFraudulentServiceTest"/>
</testsuite> <!-- com.example.tutorial.ws.integration.CardFraudulentServiceTest -->
