<?xml version="1.0" encoding="UTF-8"?>
<!-- Generated by org.testng.reporters.JUnitReportReporter -->
<testsuite hostname="OFP079672" name="com.example.tutorial.ws.integration.CardFraudulentServiceTest" tests="1" failures="1" timestamp="4 Jun 2014 21:45:13 GMT" time="28.444" errors="0">
  <testcase name="basicTest" time="28.444" classname="com.example.tutorial.ws.integration.CardFraudulentServiceTest">
    <failure type="org.springframework.beans.factory.BeanCreationException" message="Error creating bean with name &#039;testClient&#039;: FactoryBean threw exception on object creation; nested exception is org.apache.cxf.service.factory.ServiceConstructionException: Could not find definition for port {http://com/aes/service/accounts/CardFraudulent/}CardFraudulentBinding.">
      <![CDATA[org.springframework.beans.factory.BeanCreationException: Error creating bean with name 'testClient': FactoryBean threw exception on object creation; nested exception is org.apache.cxf.service.factory.ServiceConstructionException: Could not find definition for port {http://com/aes/service/accounts/CardFraudulent/}CardFraudulentBinding.
	at org.springframework.beans.factory.support.FactoryBeanRegistrySupport.doGetObjectFromFactoryBean(FactoryBeanRegistrySupport.java:149)
	at org.springframework.beans.factory.support.FactoryBeanRegistrySupport.getObjectFromFactoryBean(FactoryBeanRegistrySupport.java:102)
	at org.springframework.beans.factory.support.AbstractBeanFactory.getObjectForBeanInstance(AbstractBeanFactory.java:1454)
	at org.springframework.beans.factory.support.AbstractBeanFactory.doGetBean(AbstractBeanFactory.java:249)
	at org.springframework.beans.factory.support.AbstractBeanFactory.getBean(AbstractBeanFactory.java:198)
	at org.springframework.context.support.AbstractApplicationContext.getBean(AbstractApplicationContext.java:1121)
	at com.example.tutorial.ws.integration.CardFraudulentServiceTest.getPort(CardFraudulentServiceTest.java:27)
	at com.example.tutorial.ws.integration.CardFraudulentServiceTest.basicTest(CardFraudulentServiceTest.java:34)
	at sun.reflect.NativeMethodAccessorImpl.invoke0(Native Method)
	at sun.reflect.NativeMethodAccessorImpl.invoke(NativeMethodAccessorImpl.java:57)
	at sun.reflect.DelegatingMethodAccessorImpl.invoke(DelegatingMethodAccessorImpl.java:43)
	at java.lang.reflect.Method.invoke(Method.java:606)
	at org.testng.internal.MethodInvocationHelper.invokeMethod(MethodInvocationHelper.java:84)
	at org.testng.internal.MethodInvocationHelper$1.runTestMethod(MethodInvocationHelper.java:200)
	at org.springframework.test.context.testng.AbstractTestNGSpringContextTests.run(AbstractTestNGSpringContextTests.java:155)
	at sun.reflect.NativeMethodAccessorImpl.invoke0(Native Method)
	at sun.reflect.NativeMethodAccessorImpl.invoke(NativeMethodAccessorImpl.java:57)
	at sun.reflect.DelegatingMethodAccessorImpl.invoke(DelegatingMethodAccessorImpl.java:43)
	at java.lang.reflect.Method.invoke(Method.java:606)
	at org.testng.internal.MethodInvocationHelper.invokeHookable(MethodInvocationHelper.java:212)
	at org.testng.internal.Invoker.invokeMethod(Invoker.java:707)
	at org.testng.internal.Invoker.invokeTestMethod(Invoker.java:901)
	at org.testng.internal.Invoker.invokeTestMethods(Invoker.java:1231)
	at org.testng.internal.TestMethodWorker.invokeTestMethods(TestMethodWorker.java:127)
	at org.testng.internal.TestMethodWorker.run(TestMethodWorker.java:111)
	at org.testng.TestRunner.privateRun(TestRunner.java:767)
	at org.testng.TestRunner.run(TestRunner.java:617)
	at org.testng.SuiteRunner.runTest(SuiteRunner.java:334)
	at org.testng.SuiteRunner.runSequentially(SuiteRunner.java:329)
	at org.testng.SuiteRunner.privateRun(SuiteRunner.java:291)
	at org.testng.SuiteRunner.run(SuiteRunner.java:240)
	at org.testng.SuiteRunnerWorker.runSuite(SuiteRunnerWorker.java:52)
	at org.testng.SuiteRunnerWorker.run(SuiteRunnerWorker.java:86)
	at org.testng.TestNG.runSuitesSequentially(TestNG.java:1224)
	at org.testng.TestNG.runSuitesLocally(TestNG.java:1149)
	at org.testng.TestNG.run(TestNG.java:1057)
	at org.testng.remote.RemoteTestNG.run(RemoteTestNG.java:111)
	at org.testng.remote.RemoteTestNG.initAndRun(RemoteTestNG.java:204)
	at org.testng.remote.RemoteTestNG.main(RemoteTestNG.java:175)
Caused by: org.apache.cxf.service.factory.ServiceConstructionException: Could not find definition for port {http://com/aes/service/accounts/CardFraudulent/}CardFraudulentBinding.
	at org.apache.cxf.wsdl11.WSDLServiceFactory.create(WSDLServiceFactory.java:179)
	at org.apache.cxf.service.factory.ReflectionServiceFactoryBean.buildServiceFromWSDL(ReflectionServiceFactoryBean.java:428)
	at org.apache.cxf.service.factory.ReflectionServiceFactoryBean.initializeServiceModel(ReflectionServiceFactoryBean.java:548)
	at org.apache.cxf.service.factory.ReflectionServiceFactoryBean.create(ReflectionServiceFactoryBean.java:265)
	at org.apache.cxf.jaxws.support.JaxWsServiceFactoryBean.create(JaxWsServiceFactoryBean.java:215)
	at org.apache.cxf.frontend.AbstractWSDLBasedEndpointFactory.createEndpoint(AbstractWSDLBasedEndpointFactory.java:102)
	at org.apache.cxf.frontend.ClientFactoryBean.create(ClientFactoryBean.java:91)
	at org.apache.cxf.frontend.ClientProxyFactoryBean.create(ClientProxyFactoryBean.java:157)
	at org.apache.cxf.jaxws.JaxWsProxyFactoryBean.create(JaxWsProxyFactoryBean.java:142)
	at org.apache.cxf.jaxws.spring.JaxWsProxyFactoryBeanDefinitionParser$JAXWSSpringClientProxyFactoryBean.create(JaxWsProxyFactoryBeanDefinitionParser.java:79)
	at org.apache.cxf.jaxws.spring.JaxWsProxyFactoryBeanDefinitionParser$JAXWSSpringClientProxyFactoryBean.getObject(JaxWsProxyFactoryBeanDefinitionParser.java:83)
	at org.springframework.beans.factory.support.FactoryBeanRegistrySupport.doGetObjectFromFactoryBean(FactoryBeanRegistrySupport.java:142)
	... 38 more
]]>
    </failure>
  </testcase> <!-- basicTest -->
</testsuite> <!-- com.example.tutorial.ws.integration.CardFraudulentServiceTest -->
