<?xml version="1.0" encoding="UTF-8"?>
<!-- Generated by org.testng.reporters.JUnitReportReporter -->
<testsuite hostname="User-PC" name="com.aes.service.accounts.integration.ConsultarFraudesTest" tests="1" failures="0" timestamp="6 Jun 2014 06:45:01 GMT" time="17.033" errors="0">
  <testcase name="basicTest" time="17.033" classname="com.aes.service.accounts.integration.ConsultarFraudesTest"/>
</testsuite> <!-- com.aes.service.accounts.integration.ConsultarFraudesTest -->
