<?xml version="1.0" encoding="UTF-8"?>
<!-- Generated by org.testng.reporters.JUnitReportReporter -->
<testsuite hostname="User-PC" name="com.example.tutorial.ws.integration.CardFraudulentServiceTest" tests="1" failures="0" timestamp="5 Jun 2014 03:50:44 GMT" time="3.918" errors="0">
  <testcase name="basicTest" time="3.918" classname="com.example.tutorial.ws.integration.CardFraudulentServiceTest"/>
</testsuite> <!-- com.example.tutorial.ws.integration.CardFraudulentServiceTest -->
