<?xml version="1.0" encoding="UTF-8"?>
<!-- Generated by org.testng.reporters.JUnitReportReporter -->
<testsuite hostname="OFP079672" name="com.aes.service.accounts.integration.ConsultarFraudesTest" tests="1" failures="1" timestamp="5 Jun 2014 14:27:44 GMT" time="0.781" errors="0">
  <testcase name="basicTest" time="0.781" classname="com.aes.service.accounts.integration.ConsultarFraudesTest">
    <failure type="javax.xml.ws.soap.SOAPFaultException" message="Index: 0, Size: 0">
      <![CDATA[javax.xml.ws.soap.SOAPFaultException: Index: 0, Size: 0
	at org.apache.cxf.jaxws.JaxWsClientProxy.invoke(JaxWsClientProxy.java:157)
	at com.sun.proxy.$Proxy45.getCardStatus(Unknown Source)
	at com.aes.service.accounts.integration.ConsultarFraudesTest.basicTest(ConsultarFraudesTest.java:23)
	at sun.reflect.NativeMethodAccessorImpl.invoke0(Native Method)
	at sun.reflect.NativeMethodAccessorImpl.invoke(NativeMethodAccessorImpl.java:57)
	at sun.reflect.DelegatingMethodAccessorImpl.invoke(DelegatingMethodAccessorImpl.java:43)
	at java.lang.reflect.Method.invoke(Method.java:606)
	at org.testng.internal.MethodInvocationHelper.invokeMethod(MethodInvocationHelper.java:84)
	at org.testng.internal.MethodInvocationHelper$1.runTestMethod(MethodInvocationHelper.java:200)
	at org.springframework.test.context.testng.AbstractTestNGSpringContextTests.run(AbstractTestNGSpringContextTests.java:155)
	at sun.reflect.NativeMethodAccessorImpl.invoke0(Native Method)
	at sun.reflect.NativeMethodAccessorImpl.invoke(NativeMethodAccessorImpl.java:57)
	at sun.reflect.DelegatingMethodAccessorImpl.invoke(DelegatingMethodAccessorImpl.java:43)
	at java.lang.reflect.Method.invoke(Method.java:606)
	at org.testng.internal.MethodInvocationHelper.invokeHookable(MethodInvocationHelper.java:212)
	at org.testng.internal.Invoker.invokeMethod(Invoker.java:707)
	at org.testng.internal.Invoker.invokeTestMethod(Invoker.java:901)
	at org.testng.internal.Invoker.invokeTestMethods(Invoker.java:1231)
	at org.testng.internal.TestMethodWorker.invokeTestMethods(TestMethodWorker.java:127)
	at org.testng.internal.TestMethodWorker.run(TestMethodWorker.java:111)
	at org.testng.TestRunner.privateRun(TestRunner.java:767)
	at org.testng.TestRunner.run(TestRunner.java:617)
	at org.testng.SuiteRunner.runTest(SuiteRunner.java:334)
	at org.testng.SuiteRunner.runSequentially(SuiteRunner.java:329)
	at org.testng.SuiteRunner.privateRun(SuiteRunner.java:291)
	at org.testng.SuiteRunner.run(SuiteRunner.java:240)
	at org.testng.SuiteRunnerWorker.runSuite(SuiteRunnerWorker.java:52)
	at org.testng.SuiteRunnerWorker.run(SuiteRunnerWorker.java:86)
	at org.testng.TestNG.runSuitesSequentially(TestNG.java:1224)
	at org.testng.TestNG.runSuitesLocally(TestNG.java:1149)
	at org.testng.TestNG.run(TestNG.java:1057)
	at org.testng.remote.RemoteTestNG.run(RemoteTestNG.java:111)
	at org.testng.remote.RemoteTestNG.initAndRun(RemoteTestNG.java:204)
	at org.testng.remote.RemoteTestNG.main(RemoteTestNG.java:175)
Caused by: java.lang.IndexOutOfBoundsException: Index: 0, Size: 0
	at java.util.ArrayList.rangeCheck(ArrayList.java:604)
	at java.util.ArrayList.get(ArrayList.java:382)
	at org.apache.cxf.ws.security.policy.builders.ProtectionTokenBuilder.processAlternative(ProtectionTokenBuilder.java:72)
	at org.apache.cxf.ws.security.policy.builders.ProtectionTokenBuilder.build(ProtectionTokenBuilder.java:63)
	at org.apache.cxf.ws.security.policy.builders.ProtectionTokenBuilder.build(ProtectionTokenBuilder.java:41)
	at org.apache.neethi.AssertionBuilderFactoryImpl.invokeBuilder(AssertionBuilderFactoryImpl.java:138)
	at org.apache.neethi.AssertionBuilderFactoryImpl.build(AssertionBuilderFactoryImpl.java:117)
	at org.apache.neethi.PolicyBuilder.processOperationElement(PolicyBuilder.java:224)
	at org.apache.neethi.PolicyBuilder.getPolicyOperator(PolicyBuilder.java:174)
	at org.apache.neethi.PolicyBuilder.getPolicy(PolicyBuilder.java:124)
	at org.apache.cxf.ws.security.policy.builders.SymmetricBindingBuilder.build(SymmetricBindingBuilder.java:61)
	at org.apache.cxf.ws.security.policy.builders.SymmetricBindingBuilder.build(SymmetricBindingBuilder.java:43)
	at org.apache.neethi.AssertionBuilderFactoryImpl.invokeBuilder(AssertionBuilderFactoryImpl.java:138)
	at org.apache.neethi.AssertionBuilderFactoryImpl.build(AssertionBuilderFactoryImpl.java:117)
	at org.apache.neethi.PolicyBuilder.processOperationElement(PolicyBuilder.java:224)
	at org.apache.neethi.PolicyBuilder.getPolicyOperator(PolicyBuilder.java:174)
	at org.apache.neethi.PolicyBuilder.getPolicy(PolicyBuilder.java:124)
	at org.apache.cxf.ws.security.policy.builders.SecureConversationTokenBuilder.build(SecureConversationTokenBuilder.java:111)
	at org.apache.cxf.ws.security.policy.builders.SecureConversationTokenBuilder.build(SecureConversationTokenBuilder.java:39)
	at org.apache.neethi.AssertionBuilderFactoryImpl.invokeBuilder(AssertionBuilderFactoryImpl.java:138)
	at org.apache.neethi.AssertionBuilderFactoryImpl.build(AssertionBuilderFactoryImpl.java:117)
	at org.apache.neethi.PolicyBuilder.processOperationElement(PolicyBuilder.java:224)
	at org.apache.neethi.PolicyBuilder.getPolicyOperator(PolicyBuilder.java:174)
	at org.apache.neethi.PolicyBuilder.getPolicy(PolicyBuilder.java:124)
	at org.apache.cxf.ws.security.policy.builders.ProtectionTokenBuilder.build(ProtectionTokenBuilder.java:59)
	at org.apache.cxf.ws.security.policy.builders.ProtectionTokenBuilder.build(ProtectionTokenBuilder.java:41)
	at org.apache.neethi.AssertionBuilderFactoryImpl.invokeBuilder(AssertionBuilderFactoryImpl.java:138)
	at org.apache.neethi.AssertionBuilderFactoryImpl.build(AssertionBuilderFactoryImpl.java:117)
	at org.apache.neethi.PolicyBuilder.processOperationElement(PolicyBuilder.java:224)
	at org.apache.neethi.PolicyBuilder.getPolicyOperator(PolicyBuilder.java:174)
	at org.apache.neethi.PolicyBuilder.getPolicy(PolicyBuilder.java:124)
	at org.apache.cxf.ws.security.policy.builders.SymmetricBindingBuilder.build(SymmetricBindingBuilder.java:61)
	at org.apache.cxf.ws.security.policy.builders.SymmetricBindingBuilder.build(SymmetricBindingBuilder.java:43)
	at org.apache.neethi.AssertionBuilderFactoryImpl.invokeBuilder(AssertionBuilderFactoryImpl.java:138)
	at org.apache.neethi.AssertionBuilderFactoryImpl.build(AssertionBuilderFactoryImpl.java:117)
	at org.apache.neethi.PolicyBuilder.processOperationElement(PolicyBuilder.java:224)
	at org.apache.neethi.PolicyBuilder.getAllOperator(PolicyBuilder.java:184)
	at org.apache.neethi.PolicyBuilder.processOperationElement(PolicyBuilder.java:217)
	at org.apache.neethi.PolicyBuilder.getExactlyOneOperator(PolicyBuilder.java:180)
	at org.apache.neethi.PolicyBuilder.processOperationElement(PolicyBuilder.java:215)
	at org.apache.neethi.PolicyBuilder.getPolicyOperator(PolicyBuilder.java:174)
	at org.apache.neethi.PolicyBuilder.getPolicy(PolicyBuilder.java:124)
	at org.apache.cxf.ws.policy.attachment.reference.LocalServiceModelReferenceResolver.resolveReference(LocalServiceModelReferenceResolver.java:53)
	at org.apache.cxf.ws.policy.attachment.wsdl11.Wsdl11AttachmentPolicyProvider.resolveLocal(Wsdl11AttachmentPolicyProvider.java:292)
	at org.apache.cxf.ws.policy.attachment.wsdl11.Wsdl11AttachmentPolicyProvider.resolveReference(Wsdl11AttachmentPolicyProvider.java:272)
	at org.apache.cxf.ws.policy.attachment.wsdl11.Wsdl11AttachmentPolicyProvider.getElementPolicy(Wsdl11AttachmentPolicyProvider.java:220)
	at org.apache.cxf.ws.policy.attachment.wsdl11.Wsdl11AttachmentPolicyProvider.getElementPolicy(Wsdl11AttachmentPolicyProvider.java:168)
	at org.apache.cxf.ws.policy.attachment.wsdl11.Wsdl11AttachmentPolicyProvider.getElementPolicy(Wsdl11AttachmentPolicyProvider.java:161)
	at org.apache.cxf.ws.policy.attachment.wsdl11.Wsdl11AttachmentPolicyProvider.getEffectivePolicy(Wsdl11AttachmentPolicyProvider.java:98)
	at org.apache.cxf.ws.policy.PolicyEngineImpl.getAggregatedEndpointPolicy(PolicyEngineImpl.java:418)
	at org.apache.cxf.ws.policy.EndpointPolicyImpl.initializePolicy(EndpointPolicyImpl.java:151)
	at org.apache.cxf.ws.policy.EndpointPolicyImpl.initialize(EndpointPolicyImpl.java:139)
	at org.apache.cxf.ws.policy.PolicyEngineImpl.createEndpointPolicyInfo(PolicyEngineImpl.java:550)
	at org.apache.cxf.ws.policy.PolicyEngineImpl.getEndpointPolicy(PolicyEngineImpl.java:296)
	at org.apache.cxf.ws.policy.PolicyEngineImpl.getClientEndpointPolicy(PolicyEngineImpl.java:279)
	at org.apache.cxf.ws.policy.PolicyDataEngineImpl.getClientEndpointPolicy(PolicyDataEngineImpl.java:61)
	at org.apache.cxf.transport.http.HTTPConduit.updateClientPolicy(HTTPConduit.java:314)
	at org.apache.cxf.transport.http.HTTPConduit.<init>(HTTPConduit.java:300)
	at org.apache.cxf.transport.http.URLConnectionHTTPConduit.<init>(URLConnectionHTTPConduit.java:68)
	at org.apache.cxf.transport.http.HTTPTransportFactory.getConduit(HTTPTransportFactory.java:258)
	at org.apache.cxf.binding.soap.SoapTransportFactory.getConduit(SoapTransportFactory.java:238)
	at org.apache.cxf.binding.soap.SoapTransportFactory.getConduit(SoapTransportFactory.java:245)
	at org.apache.cxf.endpoint.AbstractConduitSelector.getSelectedConduit(AbstractConduitSelector.java:103)
	at org.apache.cxf.endpoint.UpfrontConduitSelector.prepare(UpfrontConduitSelector.java:63)
	at org.apache.cxf.endpoint.ClientImpl.prepareConduitSelector(ClientImpl.java:896)
	at org.apache.cxf.endpoint.ClientImpl.doInvoke(ClientImpl.java:565)
	at org.apache.cxf.endpoint.ClientImpl.invoke(ClientImpl.java:479)
	at org.apache.cxf.endpoint.ClientImpl.invoke(ClientImpl.java:382)
	at org.apache.cxf.endpoint.ClientImpl.invoke(ClientImpl.java:335)
	at org.apache.cxf.frontend.ClientProxy.invokeSync(ClientProxy.java:96)
	at org.apache.cxf.jaxws.JaxWsClientProxy.invoke(JaxWsClientProxy.java:135)
	... 33 more
]]>
    </failure>
  </testcase> <!-- basicTest -->
</testsuite> <!-- com.aes.service.accounts.integration.ConsultarFraudesTest -->
