<?xml version="1.0" encoding="UTF-8"?>
<!-- Generated by org.testng.reporters.JUnitReportReporter -->
<testsuite hostname="OFP079672" name="com.aes.service.accounts.integration.CardFraudulentServiceTest" tests="1" failures="0" timestamp="6 Jun 2014 19:48:40 GMT" time="5.351" errors="0">
  <testcase name="basicTest" time="5.351" classname="com.aes.service.accounts.integration.CardFraudulentServiceTest"/>
</testsuite> <!-- com.aes.service.accounts.integration.CardFraudulentServiceTest -->
